{
  "RSpec": {
    "coverage": {
      "/Users/ericfransen/Dropbox/turing/projects/local_motion/spec/controllers/pages_controller_spec.rb": [
        1,
        null,
        1,
        null,
        1,
        1,
        1,
        1,
        null,
        null,
        null,
        null
      ],
      "/Users/ericfransen/Dropbox/turing/projects/local_motion/spec/rails_helper.rb": [
        null,
        1,
        1,
        1,
        1,
        1,
        1,
        null,
        null,
        null,
        null,
        null,
        null,
        null,
        null,
        null,
        null,
        null,
        null,
        null,
        null,
        null,
        null,
        2,
        null,
        null,
        null,
        1,
        null,
        1,
        1,
        1,
        1,
        null,
        1,
        null,
        null
      ],
      "/Users/ericfransen/Dropbox/turing/projects/local_motion/config/environment.rb": [
        null,
        1,
        null,
        null,
        1
      ],
      "/Users/ericfransen/Dropbox/turing/projects/local_motion/config/application.rb": [
        1,
        null,
        null,
        1,
        1,
        1,
        1,
        1,
        1,
        null,
        null,
        null,
        null,
        1,
        null,
        1,
        1,
        null,
        null,
        null,
        null,
        null,
        null,
        null,
        null,
        null,
        null,
        null,
        null,
        null,
        1,
        null,
        null
      ],
      "/Users/ericfransen/Dropbox/turing/projects/local_motion/config/boot.rb": [
        null,
        1,
        null,
        1
      ],
      "/Users/ericfransen/Dropbox/turing/projects/local_motion/config/environments/test.rb": [
        1,
        null,
        null,
        null,
        null,
        null,
        null,
        1,
        null,
        null,
        null,
        null,
        1,
        null,
        null,
        1,
        1,
        null,
        null,
        1,
        1,
        null,
        null,
        1,
        null,
        null,
        1,
        null,
        null,
        null,
        null,
        1,
        null,
        null,
        1,
        null,
        null,
        null,
        null
      ],
      "/Users/ericfransen/Dropbox/turing/projects/local_motion/config/initializers/assets.rb": [
        null,
        null,
        null,
        1,
        null,
        null,
        null,
        null
      ],
      "/Users/ericfransen/Dropbox/turing/projects/local_motion/config/initializers/backtrace_silencers.rb": [
        null,
        null,
        null,
        null,
        null,
        null,
        null
      ],
      "/Users/ericfransen/Dropbox/turing/projects/local_motion/config/initializers/cookies_serializer.rb": [
        null,
        null,
        1
      ],
      "/Users/ericfransen/Dropbox/turing/projects/local_motion/config/initializers/filter_parameter_logging.rb": [
        null,
        null,
        null,
        1
      ],
      "/Users/ericfransen/Dropbox/turing/projects/local_motion/config/initializers/inflections.rb": [
        null,
        null,
        null,
        null,
        null,
        null,
        null,
        null,
        null,
        null,
        null,
        null,
        null,
        null,
        null,
        null
      ],
      "/Users/ericfransen/Dropbox/turing/projects/local_motion/config/initializers/mime_types.rb": [
        null,
        null,
        null,
        null
      ],
      "/Users/ericfransen/Dropbox/turing/projects/local_motion/config/initializers/omniauth.rb": [
        1,
        1,
        null
      ],
      "/Users/ericfransen/Dropbox/turing/projects/local_motion/config/initializers/redis.rb": [
        1
      ],
      "/Users/ericfransen/Dropbox/turing/projects/local_motion/config/initializers/session_store.rb": [
        null,
        null,
        1
      ],
      "/Users/ericfransen/Dropbox/turing/projects/local_motion/config/initializers/wrap_parameters.rb": [
        null,
        null,
        null,
        null,
        null,
        null,
        1,
        1,
        null,
        null,
        null,
        null,
        null,
        null
      ],
      "/Users/ericfransen/Dropbox/turing/projects/local_motion/config/routes.rb": [
        1,
        1,
        1,
        null,
        1,
        null,
        1,
        1,
        1,
        1,
        null,
        1,
        1,
        null,
        1,
        null,
        1,
        null,
        null,
        null,
        null,
        null,
        null,
        null,
        null,
        null,
        null,
        null,
        null,
        null,
        null,
        null,
        null,
        null,
        null,
        null,
        null,
        null,
        null,
        null,
        null,
        null,
        null,
        null,
        null,
        null,
        null,
        null,
        null,
        null,
        null,
        null,
        null,
        null,
        null,
        null,
        null,
        null,
        null,
        null,
        null,
        null,
        null,
        null,
        null,
        null,
        null,
        null,
        null,
        null,
        null,
        null,
        null
      ],
      "/Users/ericfransen/Dropbox/turing/projects/local_motion/app/helpers/application_helper.rb": [
        1,
        null
      ],
      "/Users/ericfransen/Dropbox/turing/projects/local_motion/app/helpers/pages_helper.rb": [
        1,
        null
      ],
      "/Users/ericfransen/Dropbox/turing/projects/local_motion/app/helpers/sessions_helper.rb": [
        1,
        null
      ],
      "/Users/ericfransen/Dropbox/turing/projects/local_motion/spec/support/authentication_helpers.rb": [
        1,
        1,
        1,
        null,
        null,
        null,
        null,
        null,
        null,
        null,
        null,
        null,
        null,
        null,
        1,
        1,
        null,
        null,
        null,
        1,
        1,
        null
      ],
      "/Users/ericfransen/Dropbox/turing/projects/local_motion/app/controllers/pages_controller.rb": [
        1,
        1,
        null,
        1,
        null,
        null,
        1,
        null,
        null,
        1,
        null,
        null,
        1,
        0,
        0,
        0,
        null,
        0,
        null,
        0,
        null,
        null,
        null,
        0,
        0,
        0,
        0,
        null,
        0,
        0,
        null,
        null,
        1,
        null,
        1,
        0,
        0,
        0,
        null,
        null,
        null
      ],
      "/Users/ericfransen/Dropbox/turing/projects/local_motion/app/controllers/application_controller.rb": [
        1,
        null,
        null,
        1,
        1,
        1,
        null,
        1,
        10,
        null,
        null
      ],
      "/Users/ericfransen/Dropbox/turing/projects/local_motion/spec/controllers/sessions_controller_spec.rb": [
        1,
        null,
        1,
        null,
        null
      ],
      "/Users/ericfransen/Dropbox/turing/projects/local_motion/app/controllers/sessions_controller.rb": [
        1,
        null,
        1,
        1,
        1,
        1,
        1,
        1,
        1,
        1,
        null,
        0,
        null,
        null,
        null,
        1,
        1,
        1,
        null,
        null,
        1,
        0,
        0,
        0,
        null,
        null
      ],
      "/Users/ericfransen/Dropbox/turing/projects/local_motion/spec/features/map_spec.rb": [
        1,
        null,
        1,
        null,
        1,
        0,
        0,
        null,
        null
      ],
      "/Users/ericfransen/Dropbox/turing/projects/local_motion/spec/features/uber_login_spec.rb": [
        1,
        null,
        1,
        null,
        null,
        null,
        null,
        1,
        1,
        1,
        1,
        1,
        1,
        1,
        1,
        1,
        null,
        null,
        null,
        1,
        1,
        1,
        1,
        1,
        1,
        1,
        null,
        null,
        null
      ],
      "/Users/ericfransen/Dropbox/turing/projects/local_motion/spec/features/user_can_create_trip_spec.rb": [
        1,
        null,
        1,
        null,
        null,
        null,
        null,
        1,
        0,
        0,
        0,
        0,
        0,
        0,
        0,
        0,
        null,
        null,
        null,
        1,
        0,
        0,
        0,
        0,
        0,
        0,
        0,
        0,
        null,
        null,
        null,
        1,
        0,
        0,
        0,
        0,
        0,
        0,
        0,
        null,
        null,
        null,
        1,
        0,
        0,
        0,
        0,
        0,
        0,
        null,
        0,
        null,
        null,
        null,
        1,
        null,
        null,
        null
      ],
      "/Users/ericfransen/Dropbox/turing/projects/local_motion/spec/features/user_sees_uber_estimates_spec.rb": [
        1,
        null,
        1,
        null,
        null,
        null,
        null,
        1,
        null,
        0,
        0,
        0,
        0,
        0,
        0,
        0,
        0,
        null,
        null,
        null
      ],
      "/Users/ericfransen/Dropbox/turing/projects/local_motion/spec/helpers/pages_helper_spec.rb": [
        1,
        null,
        null,
        null,
        null,
        null,
        null,
        null,
        null,
        null,
        null,
        null,
        1,
        null
      ],
      "/Users/ericfransen/Dropbox/turing/projects/local_motion/spec/helpers/sessions_helper_spec.rb": [
        1,
        null,
        null,
        null,
        null,
        null,
        null,
        null,
        null,
        null,
        null,
        null,
        1,
        null
      ],
      "/Users/ericfransen/Dropbox/turing/projects/local_motion/spec/lib/car2go_spec.rb": [
        1,
        null,
        1,
        null,
        1,
        null,
        1,
        1,
        1,
        1,
        1,
        null,
        null,
        null,
        null
      ],
      "/Users/ericfransen/Dropbox/turing/projects/local_motion/lib/car2go.rb": [
        1,
        null,
        1,
        0,
        0,
        0,
        0,
        0,
        null,
        null,
        null,
        null,
        null,
        null,
        null,
        null,
        null,
        null,
        null,
        null,
        null,
        null,
        1,
        1,
        1,
        378,
        null,
        null,
        null,
        1,
        null,
        1,
        0,
        null,
        null,
        1,
        null,
        null,
        null,
        null,
        0,
        null,
        null,
        1,
        0,
        null,
        null,
        null
      ],
      "/Users/ericfransen/Dropbox/turing/projects/local_motion/spec/lib/uber_spec.rb": [
        1,
        null,
        1,
        null,
        1,
        null,
        2,
        2,
        null,
        1,
        null,
        1,
        1,
        1,
        1,
        1,
        null,
        null,
        null,
        1,
        null,
        null,
        null,
        null,
        1,
        null,
        2,
        2,
        2,
        2,
        null,
        1,
        null,
        1,
        1,
        1,
        1,
        1,
        1,
        1,
        null,
        null,
        null,
        1,
        null,
        null,
        null,
        null,
        null,
        null
      ],
      "/Users/ericfransen/Dropbox/turing/projects/local_motion/lib/uber.rb": [
        1,
        null,
        1,
        1,
        5,
        1,
        null,
        null,
        1,
        1,
        6,
        1,
        null,
        null,
        null,
        null,
        null,
        null,
        null,
        null,
        null,
        null,
        null,
        null,
        1,
        null,
        1,
        1,
        null,
        null,
        1,
        1,
        null,
        null,
        1,
        null,
        null,
        null,
        null,
        1,
        null,
        null,
        1,
        null,
        null,
        null,
        null,
        null,
        null,
        1,
        null,
        null,
        1,
        2,
        null,
        null,
        1,
        2,
        null,
        null,
        null
      ],
      "/Users/ericfransen/Dropbox/turing/projects/local_motion/spec/models/b_cycle_stations_spec.rb": [
        1,
        null,
        1,
        null,
        1,
        1,
        1,
        1,
        1,
        1,
        1,
        1,
        null,
        1,
        1,
        1,
        null,
        null,
        null,
        null
      ],
      "/Users/ericfransen/Dropbox/turing/projects/local_motion/app/models/b_cycle_station.rb": [
        1,
        null,
        1,
        2,
        null,
        1,
        1,
        2,
        null,
        null,
        null,
        null,
        1,
        1,
        null,
        null
      ],
      "/Users/ericfransen/Dropbox/turing/projects/local_motion/spec/models/location_spec.rb": [
        1,
        null,
        1,
        null,
        3,
        2,
        null,
        1,
        1,
        null,
        null,
        1,
        1,
        1,
        null,
        null,
        null,
        1,
        1,
        1,
        1,
        1,
        null,
        null,
        null,
        1,
        1,
        1,
        1,
        null,
        null,
        null,
        1,
        0,
        0,
        null,
        null,
        1,
        0,
        null,
        null,
        null
      ],
      "/Users/ericfransen/Dropbox/turing/projects/local_motion/app/models/location.rb": [
        1,
        null,
        null,
        1,
        1,
        null,
        null,
        null,
        1,
        0,
        null,
        null,
        null
      ],
      "/Users/ericfransen/Dropbox/turing/projects/local_motion/spec/models/trip_spec.rb": [
        1,
        null,
        1,
        null,
        1,
        1,
        1,
        1,
        null,
        null,
        1,
        null,
        null,
        1,
        1,
        1,
        null,
        1,
        1,
        null,
        null,
        null
      ],
      "/Users/ericfransen/Dropbox/turing/projects/local_motion/app/models/trip.rb": [
        1,
        1,
        1,
        null,
        1,
        null,
        null,
        null,
        null,
        null,
        null,
        null,
        null,
        null,
        null
      ],
      "/Users/ericfransen/Dropbox/turing/projects/local_motion/spec/models/user_spec.rb": [
        1,
        null,
        1,
        null,
        null
      ],
      "/Users/ericfransen/Dropbox/turing/projects/local_motion/spec/views/pages/about.html.erb_spec.rb": [
        1,
        null,
        1,
        null
      ],
      "/Users/ericfransen/Dropbox/turing/projects/local_motion/spec/views/pages/account.html.erb_spec.rb": [
        1,
        null,
        1,
        null,
        null
      ],
      "/Users/ericfransen/Dropbox/turing/projects/local_motion/spec/views/pages/home.html.erb_spec.rb": [
        1,
        null,
        1,
        null,
        null
      ],
      "/Users/ericfransen/Dropbox/turing/projects/local_motion/app/models/user.rb": [
        1,
        1,
        null,
        1,
        1,
        1,
        1,
        1,
        1,
        1,
        1,
        null,
        null,
        null
      ],
      "/Users/ericfransen/Dropbox/turing/projects/local_motion/app/controllers/trips_controller.rb": [
        1,
        null,
        1,
        null,
        1,
        1,
        null,
        null,
        1,
        0,
        null,
        null,
        0,
        null,
        0,
        null,
        null,
        0,
        0,
        null,
        0,
        null,
        null,
        null,
        1,
        null,
        1,
        1,
        0,
        0,
        null,
        null,
        null,
        null
      ],
      "/Users/ericfransen/Dropbox/turing/projects/local_motion/lib/rest.rb": [
        1,
        1,
        2,
        null,
        null
      ]
    },
    "timestamp": 1416373059
  }
}
